<?xml version="1.0" encoding="UTF-8"?>
<robot generator="Robot 7.0 (Python 3.11.5 on win32)" generated="2024-02-17T00:44:20.449369" rpa="false" schemaversion="5">
<suite id="s1" name="bookFlight" source="C:\Users\Hanbe\Automation\Sanber53-Robot-Kelompok-12\suites\bookFlight.robot">
<test id="s1-t1" name="Verify Login Successfully" line="9">
<kw name="Open Flight Application" owner="base">
<kw name="Open Application" owner="AppiumLibrary">
<arg>${REMOTE_URL}</arg>
<arg>platformName=${PLATFORM_NAME}</arg>
<arg>platformVersion=${PLATFORM_VERSION}</arg>
<arg>deviceName=${DEVICE_NAME}</arg>
<arg>appPackage=${APP_PACKAGE}</arg>
<arg>appActivity=${APP_ACTIVITY}</arg>
<doc>Opens a new application to given Appium server.
Capabilities of appium server, Android and iOS,
Please check https://github.com/appium/appium/blob/master/docs/en/writing-running-appium/server-args.md
| *Option*            | *Man.* | *Description*     |
| remote_url          | Yes    | Appium server url |
| alias               | no     | alias             |
| strict_ssl          | No     | allows you to send commands to an invalid certificate host like a self-signed one. |</doc>
<status status="PASS" start="2024-02-17T00:44:20.640979" elapsed="9.674635"/>
</kw>
<status status="PASS" start="2024-02-17T00:44:20.640979" elapsed="9.674635"/>
</kw>
<kw name="Verify Homepage Appears" owner="home-Page">
<kw name="Wait Until Element Is Visible" owner="AppiumLibrary">
<msg time="2024-02-17T00:44:32.000830" level="INFO">xpath criteria: //android.widget.ImageView[@resource-id="com.example.myapplication:id/imageView4"]</msg>
<arg>${appLogo}</arg>
<doc>Waits until element specified with `locator` is visible.</doc>
<status status="PASS" start="2024-02-17T00:44:30.317614" elapsed="1.683216"/>
</kw>
<kw name="Wait Until Element Is Visible" owner="AppiumLibrary">
<msg time="2024-02-17T00:44:32.365999" level="INFO">xpath criteria: //android.widget.Button[@resource-id="com.example.myapplication:id/login"]</msg>
<arg>${btnLogin}</arg>
<doc>Waits until element specified with `locator` is visible.</doc>
<status status="PASS" start="2024-02-17T00:44:32.000830" elapsed="0.366168"/>
</kw>
<kw name="Wait Until Element Is Visible" owner="AppiumLibrary">
<msg time="2024-02-17T00:44:32.745663" level="INFO">xpath criteria: //android.widget.Button[@resource-id="com.example.myapplication:id/button6" and @text="Search"]</msg>
<arg>${btnSearch}</arg>
<doc>Waits until element specified with `locator` is visible.</doc>
<status status="PASS" start="2024-02-17T00:44:32.367990" elapsed="0.377673"/>
</kw>
<kw name="Wait Until Element Is Visible" owner="AppiumLibrary">
<msg time="2024-02-17T00:44:33.191287" level="INFO">xpath criteria: //android.widget.Button[@resource-id="com.example.myapplication:id/button6" and @text="Check in"]</msg>
<arg>${btnCheckIn}</arg>
<doc>Waits until element specified with `locator` is visible.</doc>
<status status="PASS" start="2024-02-17T00:44:32.745663" elapsed="0.445624"/>
</kw>
<status status="PASS" start="2024-02-17T00:44:30.316616" elapsed="2.875671"/>
</kw>
<kw name="Click SignIn Button" owner="book-flight">
<kw name="Click Element" owner="AppiumLibrary">
<msg time="2024-02-17T00:44:33.195798" level="INFO">Clicking element '//android.widget.Button[@resource-id="com.example.myapplication:id/login"]'.</msg>
<msg time="2024-02-17T00:44:33.695581" level="INFO">xpath criteria: //android.widget.Button[@resource-id="com.example.myapplication:id/login"]</msg>
<arg>${btnLogin}</arg>
<doc>Click element identified by `locator`.</doc>
<status status="PASS" start="2024-02-17T00:44:33.193287" elapsed="0.502294"/>
</kw>
<status status="PASS" start="2024-02-17T00:44:33.193287" elapsed="0.502294"/>
</kw>
<kw name="Verify Login Page Appears" owner="book-flight">
<kw name="Wait Until Element Is Visible" owner="AppiumLibrary">
<msg time="2024-02-17T00:44:35.369653" level="INFO">xpath criteria: //android.widget.EditText[@resource-id="com.example.myapplication:id/username"]
xpath criteria: //android.widget.EditText[@resource-id="com.example.myapplication:id/username"]</msg>
<arg>${username_login}</arg>
<doc>Waits until element specified with `locator` is visible.</doc>
<status status="PASS" start="2024-02-17T00:44:33.697586" elapsed="1.672067"/>
</kw>
<kw name="Wait Until Element Is Visible" owner="AppiumLibrary">
<msg time="2024-02-17T00:44:35.724814" level="INFO">xpath criteria: //android.widget.EditText[@resource-id="com.example.myapplication:id/password"]</msg>
<arg>${password_login}</arg>
<doc>Waits until element specified with `locator` is visible.</doc>
<status status="PASS" start="2024-02-17T00:44:35.369653" elapsed="0.355161"/>
</kw>
<status status="PASS" start="2024-02-17T00:44:33.697586" elapsed="2.027228"/>
</kw>
<kw name="Input Username" owner="book-flight">
<kw name="Input Text" owner="AppiumLibrary">
<msg time="2024-02-17T00:44:35.728828" level="INFO">Typing text 'support@ngendigital.com' into text field '//android.widget.EditText[@resource-id="com.example.myapplication:id/username"]'</msg>
<msg time="2024-02-17T00:44:36.146452" level="INFO">xpath criteria: //android.widget.EditText[@resource-id="com.example.myapplication:id/username"]</msg>
<arg>${username_login}</arg>
<arg>support@ngendigital.com</arg>
<doc>Types the given `text` into text field identified by `locator`.</doc>
<status status="PASS" start="2024-02-17T00:44:35.726828" elapsed="0.419624"/>
</kw>
<status status="PASS" start="2024-02-17T00:44:35.725820" elapsed="0.420632"/>
</kw>
<kw name="Input Password" owner="book-flight">
<kw name="Input Text" owner="AppiumLibrary">
<msg time="2024-02-17T00:44:36.149444" level="INFO">Typing text 'abc123' into text field '//android.widget.EditText[@resource-id="com.example.myapplication:id/password"]'</msg>
<msg time="2024-02-17T00:44:37.072786" level="INFO">xpath criteria: //android.widget.EditText[@resource-id="com.example.myapplication:id/password"]</msg>
<arg>${password_login}</arg>
<arg>abc123</arg>
<doc>Types the given `text` into text field identified by `locator`.</doc>
<status status="PASS" start="2024-02-17T00:44:36.147425" elapsed="0.925361"/>
</kw>
<status status="PASS" start="2024-02-17T00:44:36.147425" elapsed="0.925361"/>
</kw>
<kw name="Click Login Button" owner="book-flight">
<kw name="Click Element" owner="AppiumLibrary">
<msg time="2024-02-17T00:44:37.082339" level="INFO">Clicking element '//android.widget.Button[@resource-id="com.example.myapplication:id/signIn"]'.</msg>
<msg time="2024-02-17T00:44:38.017667" level="INFO">xpath criteria: //android.widget.Button[@resource-id="com.example.myapplication:id/signIn"]</msg>
<arg>${loginButton}</arg>
<doc>Click element identified by `locator`.</doc>
<status status="PASS" start="2024-02-17T00:44:37.076352" elapsed="0.941315"/>
</kw>
<status status="PASS" start="2024-02-17T00:44:37.075353" elapsed="0.942314"/>
</kw>
<status status="PASS" start="2024-02-17T00:44:20.639979" elapsed="17.378686"/>
</test>
<test id="s1-t2" name="Verify Book Flight Successfully" line="18">
<kw name="Verify Homepage Login Appears" owner="book-flight">
<kw name="Wait Until Page Contains" owner="AppiumLibrary">
<arg>Sign Out</arg>
<doc>Waits until `text` appears on current page.</doc>
<status status="PASS" start="2024-02-17T00:44:38.021717" elapsed="1.395271"/>
</kw>
<status status="PASS" start="2024-02-17T00:44:38.021717" elapsed="1.395271"/>
</kw>
<kw name="Click Book Button" owner="book-flight">
<kw name="Click Element" owner="AppiumLibrary">
<msg time="2024-02-17T00:44:39.420968" level="INFO">Clicking element '//android.widget.Button[@resource-id="com.example.myapplication:id/book"]'.</msg>
<msg time="2024-02-17T00:44:39.774004" level="INFO">xpath criteria: //android.widget.Button[@resource-id="com.example.myapplication:id/book"]</msg>
<arg>${bookButton}</arg>
<doc>Click element identified by `locator`.</doc>
<status status="PASS" start="2024-02-17T00:44:39.417986" elapsed="0.356018"/>
</kw>
<status status="PASS" start="2024-02-17T00:44:39.417986" elapsed="0.356018"/>
</kw>
<kw name="Select fromCity" owner="book-flight">
<kw name="Wait Until Page Contains" owner="AppiumLibrary">
<arg>New York</arg>
<doc>Waits until `text` appears on current page.</doc>
<status status="PASS" start="2024-02-17T00:44:39.775522" elapsed="2.051806"/>
</kw>
<kw name="Click Element" owner="AppiumLibrary">
<msg time="2024-02-17T00:44:41.833429" level="INFO">Clicking element '//android.widget.Spinner[@resource-id="com.example.myapplication:id/spinnerFrom"]'.</msg>
<msg time="2024-02-17T00:44:42.404384" level="INFO">xpath criteria: //android.widget.Spinner[@resource-id="com.example.myapplication:id/spinnerFrom"]</msg>
<arg>${fromCitySpinner}</arg>
<doc>Click element identified by `locator`.</doc>
<status status="PASS" start="2024-02-17T00:44:41.827328" elapsed="0.577056"/>
</kw>
<kw name="Wait Until Page Contains" owner="AppiumLibrary">
<arg>Toronto</arg>
<doc>Waits until `text` appears on current page.</doc>
<status status="PASS" start="2024-02-17T00:44:42.404384" elapsed="1.430866"/>
</kw>
<kw name="Click Element" owner="AppiumLibrary">
<msg time="2024-02-17T00:44:43.841272" level="INFO">Clicking element '//android.widget.TextView[@resource-id="android:id/text1" and @text="Toronto"]'.</msg>
<msg time="2024-02-17T00:44:44.975642" level="INFO">xpath criteria: //android.widget.TextView[@resource-id="android:id/text1" and @text="Toronto"]</msg>
<arg>${Toronto}</arg>
<doc>Click element identified by `locator`.</doc>
<status status="PASS" start="2024-02-17T00:44:43.836254" elapsed="1.139388"/>
</kw>
<status status="PASS" start="2024-02-17T00:44:39.775522" elapsed="5.200120"/>
</kw>
<kw name="Select toCity" owner="book-flight">
<kw name="Click Element" owner="AppiumLibrary">
<msg time="2024-02-17T00:44:44.980566" level="INFO">Clicking element '//android.widget.Spinner[@resource-id="com.example.myapplication:id/spinnerTo"]'.</msg>
<msg time="2024-02-17T00:44:45.639996" level="INFO">xpath criteria: //android.widget.Spinner[@resource-id="com.example.myapplication:id/spinnerTo"]</msg>
<arg>${toCitySpinner}</arg>
<doc>Click element identified by `locator`.</doc>
<status status="PASS" start="2024-02-17T00:44:44.977541" elapsed="0.662455"/>
</kw>
<kw name="Wait Until Page Contains" owner="AppiumLibrary">
<arg>Paris</arg>
<doc>Waits until `text` appears on current page.</doc>
<status status="PASS" start="2024-02-17T00:44:45.641076" elapsed="1.113070"/>
</kw>
<kw name="Click Element" owner="AppiumLibrary">
<msg time="2024-02-17T00:44:46.757674" level="INFO">Clicking element '//android.widget.TextView[@resource-id="android:id/text1" and @text="Paris"]'.</msg>
<msg time="2024-02-17T00:44:47.898514" level="INFO">xpath criteria: //android.widget.TextView[@resource-id="android:id/text1" and @text="Paris"]</msg>
<arg>${Paris}</arg>
<doc>Click element identified by `locator`.</doc>
<status status="PASS" start="2024-02-17T00:44:46.754146" elapsed="1.144368"/>
</kw>
<status status="PASS" start="2024-02-17T00:44:44.976565" elapsed="2.922933"/>
</kw>
<kw name="Select class" owner="book-flight">
<kw name="Click Element" owner="AppiumLibrary">
<msg time="2024-02-17T00:44:47.907056" level="INFO">Clicking element '//android.widget.Spinner[@resource-id="com.example.myapplication:id/spinnerClass"]'.</msg>
<msg time="2024-02-17T00:44:48.543368" level="INFO">xpath criteria: //android.widget.Spinner[@resource-id="com.example.myapplication:id/spinnerClass"]</msg>
<arg>${classSpinner}</arg>
<doc>Click element identified by `locator`.</doc>
<status status="PASS" start="2024-02-17T00:44:47.899498" elapsed="0.643870"/>
</kw>
<kw name="Wait Until Page Contains" owner="AppiumLibrary">
<arg>Business</arg>
<doc>Waits until `text` appears on current page.</doc>
<status status="PASS" start="2024-02-17T00:44:48.543368" elapsed="1.123313"/>
</kw>
<kw name="Click Element" owner="AppiumLibrary">
<msg time="2024-02-17T00:44:49.672700" level="INFO">Clicking element '//android.widget.TextView[@resource-id="android:id/text1" and @text="Business"]'.</msg>
<msg time="2024-02-17T00:44:50.798919" level="INFO">xpath criteria: //android.widget.TextView[@resource-id="android:id/text1" and @text="Business"]</msg>
<arg>${businessClass}</arg>
<doc>Click element identified by `locator`.</doc>
<status status="PASS" start="2024-02-17T00:44:49.667701" elapsed="1.131218"/>
</kw>
<status status="PASS" start="2024-02-17T00:44:47.899498" elapsed="2.899421"/>
</kw>
<kw name="Select Start Date" owner="book-flight">
<kw name="Click Element" owner="AppiumLibrary">
<msg time="2024-02-17T00:44:50.802953" level="INFO">Clicking element '//android.widget.TextView[@resource-id="com.example.myapplication:id/textStartDate"]'.</msg>
<msg time="2024-02-17T00:44:51.457376" level="INFO">xpath criteria: //android.widget.TextView[@resource-id="com.example.myapplication:id/textStartDate"]</msg>
<arg>${startDatePicker}</arg>
<doc>Click element identified by `locator`.</doc>
<status status="PASS" start="2024-02-17T00:44:50.800918" elapsed="0.656458"/>
</kw>
<kw name="Wait Until Element Is Visible" owner="AppiumLibrary">
<msg time="2024-02-17T00:44:53.624311" level="INFO">xpath criteria: //android.view.View[@resource-id="android:id/month_view"]
xpath criteria: //android.view.View[@resource-id="android:id/month_view"]</msg>
<arg>${CalenderView}</arg>
<doc>Waits until element specified with `locator` is visible.</doc>
<status status="PASS" start="2024-02-17T00:44:51.458373" elapsed="2.166456"/>
</kw>
<kw name="Click Element" owner="AppiumLibrary">
<msg time="2024-02-17T00:44:53.628482" level="INFO">Clicking element '//android.view.View[@content-desc="02 August 2019"]'.</msg>
<msg time="2024-02-17T00:44:55.133142" level="INFO">xpath criteria: //android.view.View[@content-desc="02 August 2019"]</msg>
<arg>${startDate}</arg>
<doc>Click element identified by `locator`.</doc>
<status status="PASS" start="2024-02-17T00:44:53.625397" elapsed="1.507745"/>
</kw>
<kw name="Click Element" owner="AppiumLibrary">
<msg time="2024-02-17T00:44:55.136380" level="INFO">Clicking element '//android.widget.Button[@resource-id="android:id/button1"]'.</msg>
<msg time="2024-02-17T00:44:55.985786" level="INFO">xpath criteria: //android.widget.Button[@resource-id="android:id/button1"]</msg>
<arg>${okButton}</arg>
<doc>Click element identified by `locator`.</doc>
<status status="PASS" start="2024-02-17T00:44:55.134143" elapsed="0.851643"/>
</kw>
<status status="PASS" start="2024-02-17T00:44:50.799920" elapsed="5.186860"/>
</kw>
<kw name="Select End Date" owner="book-flight">
<kw name="Click Element" owner="AppiumLibrary">
<msg time="2024-02-17T00:44:55.995317" level="INFO">Clicking element '//android.widget.TextView[@resource-id="com.example.myapplication:id/textEndDate"]'.</msg>
<msg time="2024-02-17T00:44:56.712677" level="INFO">xpath criteria: //android.widget.TextView[@resource-id="com.example.myapplication:id/textEndDate"]</msg>
<arg>${endDatePicker}</arg>
<doc>Click element identified by `locator`.</doc>
<status status="PASS" start="2024-02-17T00:44:55.990788" elapsed="0.721889"/>
</kw>
<kw name="Wait Until Element Is Visible" owner="AppiumLibrary">
<msg time="2024-02-17T00:44:58.648521" level="INFO">xpath criteria: //android.view.View[@resource-id="android:id/month_view"]
xpath criteria: //android.view.View[@resource-id="android:id/month_view"]</msg>
<arg>${CalenderView}</arg>
<doc>Waits until element specified with `locator` is visible.</doc>
<status status="PASS" start="2024-02-17T00:44:56.712677" elapsed="1.936854"/>
</kw>
<kw name="Click Element" owner="AppiumLibrary">
<msg time="2024-02-17T00:44:58.651540" level="INFO">Clicking element '//android.view.View[@content-desc="15 August 2019"]'.</msg>
<msg time="2024-02-17T00:45:00.122897" level="INFO">xpath criteria: //android.view.View[@content-desc="15 August 2019"]</msg>
<arg>${endDate}</arg>
<doc>Click element identified by `locator`.</doc>
<status status="PASS" start="2024-02-17T00:44:58.649531" elapsed="1.473366"/>
</kw>
<kw name="Click Element" owner="AppiumLibrary">
<msg time="2024-02-17T00:45:00.126480" level="INFO">Clicking element '//android.widget.Button[@resource-id="android:id/button1"]'.</msg>
<msg time="2024-02-17T00:45:01.036222" level="INFO">xpath criteria: //android.widget.Button[@resource-id="android:id/button1"]</msg>
<arg>${okButton}</arg>
<doc>Click element identified by `locator`.</doc>
<status status="PASS" start="2024-02-17T00:45:00.122897" elapsed="0.916496"/>
</kw>
<status status="PASS" start="2024-02-17T00:44:55.988798" elapsed="5.050595"/>
</kw>
<kw name="Click Radio Button Flight" owner="book-flight">
<kw name="Click Element" owner="AppiumLibrary">
<msg time="2024-02-17T00:45:01.042379" level="INFO">Clicking element '//android.widget.RadioButton[@resource-id="com.example.myapplication:id/radioButtonFlight"]'.</msg>
<msg time="2024-02-17T00:45:01.847483" level="INFO">xpath criteria: //android.widget.RadioButton[@resource-id="com.example.myapplication:id/radioButtonFlight"]</msg>
<arg>${radioButtonFlight}</arg>
<doc>Click element identified by `locator`.</doc>
<status status="PASS" start="2024-02-17T00:45:01.040327" elapsed="0.808120"/>
</kw>
<status status="PASS" start="2024-02-17T00:45:01.040327" elapsed="0.808120"/>
</kw>
<kw name="Click Book Flight Button" owner="book-flight">
<kw name="Click Element" owner="AppiumLibrary">
<msg time="2024-02-17T00:45:01.852498" level="INFO">Clicking element '//android.widget.Button[@resource-id="com.example.myapplication:id/book_flight"]'.</msg>
<msg time="2024-02-17T00:45:03.058307" level="INFO">xpath criteria: //android.widget.Button[@resource-id="com.example.myapplication:id/book_flight"]</msg>
<arg>${bookFlightButton}</arg>
<doc>Click element identified by `locator`.</doc>
<status status="PASS" start="2024-02-17T00:45:01.849446" elapsed="1.209860"/>
</kw>
<status status="PASS" start="2024-02-17T00:45:01.849446" elapsed="1.209860"/>
</kw>
<kw name="Verify Confirmpage Appears" owner="book-flight">
<kw name="Wait Until Element Is Visible" owner="AppiumLibrary">
<msg time="2024-02-17T00:45:04.902775" level="INFO">xpath criteria: //android.widget.TextView[@resource-id="com.example.myapplication:id/textView6"]
xpath criteria: //android.widget.TextView[@resource-id="com.example.myapplication:id/textView6"]</msg>
<arg>${priceConfirmPage}</arg>
<doc>Waits until element specified with `locator` is visible.</doc>
<status status="PASS" start="2024-02-17T00:45:03.061309" elapsed="1.841466"/>
</kw>
<status status="PASS" start="2024-02-17T00:45:03.061309" elapsed="1.841466"/>
</kw>
<kw name="Select Price Booking" owner="book-flight">
<kw name="Click Element" owner="AppiumLibrary">
<msg time="2024-02-17T00:45:04.905378" level="INFO">Clicking element '//android.widget.Button[@resource-id="com.example.myapplication:id/price7"]'.</msg>
<msg time="2024-02-17T00:45:05.543507" level="INFO">xpath criteria: //android.widget.Button[@resource-id="com.example.myapplication:id/price7"]</msg>
<arg>${price7Select}</arg>
<doc>Click element identified by `locator`.</doc>
<status status="PASS" start="2024-02-17T00:45:04.902775" elapsed="0.640732"/>
</kw>
<status status="PASS" start="2024-02-17T00:45:04.902775" elapsed="0.640732"/>
</kw>
<kw name="Click Confirm Button" owner="book-flight">
<kw name="Click Element" owner="AppiumLibrary">
<msg time="2024-02-17T00:45:05.547004" level="INFO">Clicking element '//android.widget.Button[@resource-id="com.example.myapplication:id/confirm_order"]'.</msg>
<msg time="2024-02-17T00:45:06.842054" level="INFO">xpath criteria: //android.widget.Button[@resource-id="com.example.myapplication:id/confirm_order"]</msg>
<arg>${confirmButton}</arg>
<doc>Click element identified by `locator`.</doc>
<status status="PASS" start="2024-02-17T00:45:05.544507" elapsed="1.298426"/>
</kw>
<status status="PASS" start="2024-02-17T00:45:05.544507" elapsed="1.298426"/>
</kw>
<status status="PASS" start="2024-02-17T00:44:38.020666" elapsed="28.824875"/>
</test>
<status status="PASS" start="2024-02-17T00:44:20.450366" elapsed="46.399193"/>
</suite>
<statistics>
<total>
<stat pass="2" fail="0" skip="0">All Tests</stat>
</total>
<tag>
</tag>
<suite>
<stat pass="2" fail="0" skip="0" id="s1" name="bookFlight">bookFlight</stat>
</suite>
</statistics>
<errors>
</errors>
</robot>
