<?xml version="1.0" encoding="UTF-8"?>
<robot generator="Robot 7.0 (Python 3.12.2 on win32)" generated="2024-02-14T22:58:03.595028" rpa="false" schemaversion="5">
<suite id="s1" name="signIn" source="C:\Users\Aziz\Documents\final-proj-qa\suites\signIn.robot">
<test id="s1-t1" name="Verify SignIn Successfully" line="6">
<kw name="Open Flight Application" owner="base">
<kw name="Open Application" owner="AppiumLibrary">
<arg>${REMOTE_URL}</arg>
<arg>platformName=${PLATFORM_NAME}</arg>
<arg>platformVersion=${PLATFORM_VERSION}</arg>
<arg>deviceName=${DEVICE_NAME}</arg>
<arg>appPackage=${APP_PACKAGE}</arg>
<arg>appActivity=${APP_ACTIVITY}</arg>
<doc>Opens a new application to given Appium server.
Capabilities of appium server, Android and iOS,
Please check https://github.com/appium/appium/blob/master/docs/en/writing-running-appium/server-args.md
| *Option*            | *Man.* | *Description*     |
| remote_url          | Yes    | Appium server url |
| alias               | no     | alias             |
| strict_ssl          | No     | allows you to send commands to an invalid certificate host like a self-signed one. |</doc>
<status status="PASS" start="2024-02-14T22:58:03.724354" elapsed="6.363654"/>
</kw>
<status status="PASS" start="2024-02-14T22:58:03.724354" elapsed="6.363654"/>
</kw>
<kw name="Verify Homepage Appears" owner="home-Page">
<kw name="Wait Until Element Is Visible" owner="AppiumLibrary">
<msg time="2024-02-14T22:58:10.884469" level="INFO">xpath criteria: //android.widget.ImageView[@resource-id="com.example.myapplication:id/imageView4"]</msg>
<arg>${appLogo}</arg>
<doc>Waits until element specified with `locator` is visible.</doc>
<status status="PASS" start="2024-02-14T22:58:10.089425" elapsed="0.795044"/>
</kw>
<kw name="Wait Until Element Is Visible" owner="AppiumLibrary">
<msg time="2024-02-14T22:58:10.916454" level="INFO">xpath criteria: //android.widget.Button[@resource-id="com.example.myapplication:id/login"]</msg>
<arg>${btnLogin}</arg>
<doc>Waits until element specified with `locator` is visible.</doc>
<status status="PASS" start="2024-02-14T22:58:10.884469" elapsed="0.031985"/>
</kw>
<kw name="Wait Until Element Is Visible" owner="AppiumLibrary">
<msg time="2024-02-14T22:58:10.952688" level="INFO">xpath criteria: //android.widget.Button[@resource-id="com.example.myapplication:id/button6" and @text="Search"]</msg>
<arg>${btnSearch}</arg>
<doc>Waits until element specified with `locator` is visible.</doc>
<status status="PASS" start="2024-02-14T22:58:10.916454" elapsed="0.036234"/>
</kw>
<kw name="Wait Until Element Is Visible" owner="AppiumLibrary">
<msg time="2024-02-14T22:58:10.988315" level="INFO">xpath criteria: //android.widget.Button[@resource-id="com.example.myapplication:id/button6" and @text="Check in"]</msg>
<arg>${btnCheckIn}</arg>
<doc>Waits until element specified with `locator` is visible.</doc>
<status status="PASS" start="2024-02-14T22:58:10.952688" elapsed="0.036795"/>
</kw>
<status status="PASS" start="2024-02-14T22:58:10.089425" elapsed="0.900058"/>
</kw>
<kw name="Click SignIn" owner="sign-in">
<kw name="Click Element" owner="AppiumLibrary">
<msg time="2024-02-14T22:58:10.991005" level="INFO">Clicking element '//android.widget.Button[@resource-id="com.example.myapplication:id/login"]'.</msg>
<msg time="2024-02-14T22:58:11.050022" level="INFO">xpath criteria: //android.widget.Button[@resource-id="com.example.myapplication:id/login"]</msg>
<arg>${btnLogin}</arg>
<doc>Click element identified by `locator`.</doc>
<status status="PASS" start="2024-02-14T22:58:10.989483" elapsed="0.060539"/>
</kw>
<status status="PASS" start="2024-02-14T22:58:10.989483" elapsed="0.060539"/>
</kw>
<kw name="Verify Loginpage Appears" owner="sign-in">
<kw name="Wait Until Element Is Visible" owner="AppiumLibrary">
<msg time="2024-02-14T22:58:12.238116" level="INFO">xpath criteria: //android.widget.EditText[@resource-id="com.example.myapplication:id/username"]
xpath criteria: //android.widget.EditText[@resource-id="com.example.myapplication:id/username"]</msg>
<arg>${username_login}</arg>
<doc>Waits until element specified with `locator` is visible.</doc>
<status status="PASS" start="2024-02-14T22:58:11.050022" elapsed="1.188094"/>
</kw>
<kw name="Wait Until Element Is Visible" owner="AppiumLibrary">
<msg time="2024-02-14T22:58:12.264978" level="INFO">xpath criteria: //android.widget.EditText[@resource-id="com.example.myapplication:id/password"]</msg>
<arg>${password_login}</arg>
<doc>Waits until element specified with `locator` is visible.</doc>
<status status="PASS" start="2024-02-14T22:58:12.238116" elapsed="0.026862"/>
</kw>
<status status="PASS" start="2024-02-14T22:58:11.050022" elapsed="1.214956"/>
</kw>
<kw name="Input Username" owner="sign-in">
<kw name="Input Text" owner="AppiumLibrary">
<msg time="2024-02-14T22:58:12.266978" level="INFO">Typing text 'support@ngendigital.com' into text field '//android.widget.EditText[@resource-id="com.example.myapplication:id/username"]'</msg>
<msg time="2024-02-14T22:58:12.304925" level="INFO">xpath criteria: //android.widget.EditText[@resource-id="com.example.myapplication:id/username"]</msg>
<arg>${username_login}</arg>
<arg>support@ngendigital.com</arg>
<doc>Types the given `text` into text field identified by `locator`.</doc>
<status status="PASS" start="2024-02-14T22:58:12.265977" elapsed="0.038948"/>
</kw>
<status status="PASS" start="2024-02-14T22:58:12.265977" elapsed="0.038948"/>
</kw>
<kw name="Input Password" owner="sign-in">
<kw name="Input Text" owner="AppiumLibrary">
<msg time="2024-02-14T22:58:12.306270" level="INFO">Typing text 'abc123' into text field '//android.widget.EditText[@resource-id="com.example.myapplication:id/password"]'</msg>
<msg time="2024-02-14T22:58:12.814737" level="INFO">xpath criteria: //android.widget.EditText[@resource-id="com.example.myapplication:id/password"]</msg>
<arg>${password_login}</arg>
<arg>abc123</arg>
<doc>Types the given `text` into text field identified by `locator`.</doc>
<status status="PASS" start="2024-02-14T22:58:12.304925" elapsed="0.509812"/>
</kw>
<status status="PASS" start="2024-02-14T22:58:12.304925" elapsed="0.509812"/>
</kw>
<kw name="Click Login" owner="sign-in">
<kw name="Click Element" owner="AppiumLibrary">
<msg time="2024-02-14T22:58:12.815818" level="INFO">Clicking element '//android.widget.Button[@resource-id="com.example.myapplication:id/signIn"]'.</msg>
<msg time="2024-02-14T22:58:13.348331" level="INFO">xpath criteria: //android.widget.Button[@resource-id="com.example.myapplication:id/signIn"]</msg>
<arg>${loginButton}</arg>
<doc>Click element identified by `locator`.</doc>
<status status="PASS" start="2024-02-14T22:58:12.814737" elapsed="0.533594"/>
</kw>
<status status="PASS" start="2024-02-14T22:58:12.814737" elapsed="0.533594"/>
</kw>
<kw name="Verify Homepage Login Appears" owner="sign-in">
<kw name="Wait Until Page Contains" owner="AppiumLibrary">
<arg>Sign Out</arg>
<doc>Waits until `text` appears on current page.</doc>
<status status="PASS" start="2024-02-14T22:58:13.349343" elapsed="1.229145"/>
</kw>
<status status="PASS" start="2024-02-14T22:58:13.348331" elapsed="1.230157"/>
</kw>
<kw name="Close Flight Application" owner="base">
<kw name="Close Application" owner="AppiumLibrary">
<doc>Closes the current application and also close webdriver session.</doc>
<status status="PASS" start="2024-02-14T22:58:14.579889" elapsed="0.271814"/>
</kw>
<status status="PASS" start="2024-02-14T22:58:14.578488" elapsed="0.273327"/>
</kw>
<status status="PASS" start="2024-02-14T22:58:03.723868" elapsed="11.127947"/>
</test>
<test id="s1-t2" name="SignIn Failed Without Input Username and Password" line="17">
<kw name="Open Flight Application" owner="base">
<kw name="Open Application" owner="AppiumLibrary">
<arg>${REMOTE_URL}</arg>
<arg>platformName=${PLATFORM_NAME}</arg>
<arg>platformVersion=${PLATFORM_VERSION}</arg>
<arg>deviceName=${DEVICE_NAME}</arg>
<arg>appPackage=${APP_PACKAGE}</arg>
<arg>appActivity=${APP_ACTIVITY}</arg>
<doc>Opens a new application to given Appium server.
Capabilities of appium server, Android and iOS,
Please check https://github.com/appium/appium/blob/master/docs/en/writing-running-appium/server-args.md
| *Option*            | *Man.* | *Description*     |
| remote_url          | Yes    | Appium server url |
| alias               | no     | alias             |
| strict_ssl          | No     | allows you to send commands to an invalid certificate host like a self-signed one. |</doc>
<status status="PASS" start="2024-02-14T22:58:14.852818" elapsed="5.235206"/>
</kw>
<status status="PASS" start="2024-02-14T22:58:14.852818" elapsed="5.235206"/>
</kw>
<kw name="Click SignIn" owner="sign-in">
<kw name="Click Element" owner="AppiumLibrary">
<msg time="2024-02-14T22:58:20.089337" level="INFO">Clicking element '//android.widget.Button[@resource-id="com.example.myapplication:id/login"]'.</msg>
<msg time="2024-02-14T22:58:20.915092" level="INFO">xpath criteria: //android.widget.Button[@resource-id="com.example.myapplication:id/login"]</msg>
<arg>${btnLogin}</arg>
<doc>Click element identified by `locator`.</doc>
<status status="PASS" start="2024-02-14T22:58:20.088024" elapsed="0.827068"/>
</kw>
<status status="PASS" start="2024-02-14T22:58:20.088024" elapsed="0.827068"/>
</kw>
<kw name="Verify Loginpage Appears" owner="sign-in">
<kw name="Wait Until Element Is Visible" owner="AppiumLibrary">
<msg time="2024-02-14T22:58:22.161877" level="INFO">xpath criteria: //android.widget.EditText[@resource-id="com.example.myapplication:id/username"]
xpath criteria: //android.widget.EditText[@resource-id="com.example.myapplication:id/username"]</msg>
<arg>${username_login}</arg>
<doc>Waits until element specified with `locator` is visible.</doc>
<status status="PASS" start="2024-02-14T22:58:20.915092" elapsed="1.246785"/>
</kw>
<kw name="Wait Until Element Is Visible" owner="AppiumLibrary">
<msg time="2024-02-14T22:58:22.192315" level="INFO">xpath criteria: //android.widget.EditText[@resource-id="com.example.myapplication:id/password"]</msg>
<arg>${password_login}</arg>
<doc>Waits until element specified with `locator` is visible.</doc>
<status status="PASS" start="2024-02-14T22:58:22.161877" elapsed="0.030438"/>
</kw>
<status status="PASS" start="2024-02-14T22:58:20.915092" elapsed="1.277223"/>
</kw>
<kw name="Click Login" owner="sign-in">
<kw name="Click Element" owner="AppiumLibrary">
<msg time="2024-02-14T22:58:22.194395" level="INFO">Clicking element '//android.widget.Button[@resource-id="com.example.myapplication:id/signIn"]'.</msg>
<msg time="2024-02-14T22:58:22.248377" level="INFO">xpath criteria: //android.widget.Button[@resource-id="com.example.myapplication:id/signIn"]</msg>
<arg>${loginButton}</arg>
<doc>Click element identified by `locator`.</doc>
<status status="PASS" start="2024-02-14T22:58:22.193316" elapsed="0.055061"/>
</kw>
<status status="PASS" start="2024-02-14T22:58:22.193316" elapsed="0.055061"/>
</kw>
<kw name="Login Failed" owner="sign-in">
<kw name="Wait Until Page Contains" owner="AppiumLibrary">
<arg>Invalid username/password</arg>
<doc>Waits until `text` appears on current page.</doc>
<status status="PASS" start="2024-02-14T22:58:22.249379" elapsed="0.099996"/>
</kw>
<status status="PASS" start="2024-02-14T22:58:22.249379" elapsed="0.099996"/>
</kw>
<status status="PASS" start="2024-02-14T22:58:14.852818" elapsed="7.497557"/>
</test>
<test id="s1-t3" name="SignIn Failed Without Input Username" line="24">
<kw name="Open Flight Application" owner="base">
<kw name="Open Application" owner="AppiumLibrary">
<arg>${REMOTE_URL}</arg>
<arg>platformName=${PLATFORM_NAME}</arg>
<arg>platformVersion=${PLATFORM_VERSION}</arg>
<arg>deviceName=${DEVICE_NAME}</arg>
<arg>appPackage=${APP_PACKAGE}</arg>
<arg>appActivity=${APP_ACTIVITY}</arg>
<doc>Opens a new application to given Appium server.
Capabilities of appium server, Android and iOS,
Please check https://github.com/appium/appium/blob/master/docs/en/writing-running-appium/server-args.md
| *Option*            | *Man.* | *Description*     |
| remote_url          | Yes    | Appium server url |
| alias               | no     | alias             |
| strict_ssl          | No     | allows you to send commands to an invalid certificate host like a self-signed one. |</doc>
<status status="PASS" start="2024-02-14T22:58:22.351882" elapsed="6.656260"/>
</kw>
<status status="PASS" start="2024-02-14T22:58:22.351376" elapsed="6.656766"/>
</kw>
<kw name="Click SignIn" owner="sign-in">
<kw name="Click Element" owner="AppiumLibrary">
<msg time="2024-02-14T22:58:29.011168" level="INFO">Clicking element '//android.widget.Button[@resource-id="com.example.myapplication:id/login"]'.</msg>
<msg time="2024-02-14T22:58:29.847798" level="INFO">xpath criteria: //android.widget.Button[@resource-id="com.example.myapplication:id/login"]</msg>
<arg>${btnLogin}</arg>
<doc>Click element identified by `locator`.</doc>
<status status="PASS" start="2024-02-14T22:58:29.009647" elapsed="0.838151"/>
</kw>
<status status="PASS" start="2024-02-14T22:58:29.009647" elapsed="0.838151"/>
</kw>
<kw name="Verify Loginpage Appears" owner="sign-in">
<kw name="Wait Until Element Is Visible" owner="AppiumLibrary">
<msg time="2024-02-14T22:58:31.056943" level="INFO">xpath criteria: //android.widget.EditText[@resource-id="com.example.myapplication:id/username"]
xpath criteria: //android.widget.EditText[@resource-id="com.example.myapplication:id/username"]</msg>
<arg>${username_login}</arg>
<doc>Waits until element specified with `locator` is visible.</doc>
<status status="PASS" start="2024-02-14T22:58:29.847798" elapsed="1.209145"/>
</kw>
<kw name="Wait Until Element Is Visible" owner="AppiumLibrary">
<msg time="2024-02-14T22:58:31.089236" level="INFO">xpath criteria: //android.widget.EditText[@resource-id="com.example.myapplication:id/password"]</msg>
<arg>${password_login}</arg>
<doc>Waits until element specified with `locator` is visible.</doc>
<status status="PASS" start="2024-02-14T22:58:31.056943" elapsed="0.032293"/>
</kw>
<status status="PASS" start="2024-02-14T22:58:29.847798" elapsed="1.241438"/>
</kw>
<kw name="Input Username" owner="sign-in">
<kw name="Input Text" owner="AppiumLibrary">
<msg time="2024-02-14T22:58:31.091236" level="INFO">Typing text 'support@ngendigital.com' into text field '//android.widget.EditText[@resource-id="com.example.myapplication:id/username"]'</msg>
<msg time="2024-02-14T22:58:31.126335" level="INFO">xpath criteria: //android.widget.EditText[@resource-id="com.example.myapplication:id/username"]</msg>
<arg>${username_login}</arg>
<arg>support@ngendigital.com</arg>
<doc>Types the given `text` into text field identified by `locator`.</doc>
<status status="PASS" start="2024-02-14T22:58:31.090236" elapsed="0.036099"/>
</kw>
<status status="PASS" start="2024-02-14T22:58:31.090236" elapsed="0.036099"/>
</kw>
<kw name="Click Login" owner="sign-in">
<kw name="Click Element" owner="AppiumLibrary">
<msg time="2024-02-14T22:58:31.128440" level="INFO">Clicking element '//android.widget.Button[@resource-id="com.example.myapplication:id/signIn"]'.</msg>
<msg time="2024-02-14T22:58:31.684118" level="INFO">xpath criteria: //android.widget.Button[@resource-id="com.example.myapplication:id/signIn"]</msg>
<arg>${loginButton}</arg>
<doc>Click element identified by `locator`.</doc>
<status status="PASS" start="2024-02-14T22:58:31.127438" elapsed="0.556680"/>
</kw>
<status status="PASS" start="2024-02-14T22:58:31.127438" elapsed="0.556680"/>
</kw>
<kw name="Login Failed" owner="sign-in">
<kw name="Wait Until Page Contains" owner="AppiumLibrary">
<arg>Invalid username/password</arg>
<doc>Waits until `text` appears on current page.</doc>
<status status="PASS" start="2024-02-14T22:58:31.685118" elapsed="0.064280"/>
</kw>
<status status="PASS" start="2024-02-14T22:58:31.685118" elapsed="0.064280"/>
</kw>
<status status="PASS" start="2024-02-14T22:58:22.350375" elapsed="9.399023"/>
</test>
<test id="s1-t4" name="SignIn Failed Without Input Password" line="32">
<kw name="Open Flight Application" owner="base">
<kw name="Open Application" owner="AppiumLibrary">
<arg>${REMOTE_URL}</arg>
<arg>platformName=${PLATFORM_NAME}</arg>
<arg>platformVersion=${PLATFORM_VERSION}</arg>
<arg>deviceName=${DEVICE_NAME}</arg>
<arg>appPackage=${APP_PACKAGE}</arg>
<arg>appActivity=${APP_ACTIVITY}</arg>
<doc>Opens a new application to given Appium server.
Capabilities of appium server, Android and iOS,
Please check https://github.com/appium/appium/blob/master/docs/en/writing-running-appium/server-args.md
| *Option*            | *Man.* | *Description*     |
| remote_url          | Yes    | Appium server url |
| alias               | no     | alias             |
| strict_ssl          | No     | allows you to send commands to an invalid certificate host like a self-signed one. |</doc>
<status status="PASS" start="2024-02-14T22:58:31.752064" elapsed="6.608124"/>
</kw>
<status status="PASS" start="2024-02-14T22:58:31.750541" elapsed="6.609647"/>
</kw>
<kw name="Click SignIn" owner="sign-in">
<kw name="Click Element" owner="AppiumLibrary">
<msg time="2024-02-14T22:58:38.362389" level="INFO">Clicking element '//android.widget.Button[@resource-id="com.example.myapplication:id/login"]'.</msg>
<msg time="2024-02-14T22:58:39.631088" level="INFO">xpath criteria: //android.widget.Button[@resource-id="com.example.myapplication:id/login"]</msg>
<arg>${btnLogin}</arg>
<doc>Click element identified by `locator`.</doc>
<status status="PASS" start="2024-02-14T22:58:38.361882" elapsed="1.269206"/>
</kw>
<status status="PASS" start="2024-02-14T22:58:38.361882" elapsed="1.269206"/>
</kw>
<kw name="Verify Loginpage Appears" owner="sign-in">
<kw name="Wait Until Element Is Visible" owner="AppiumLibrary">
<msg time="2024-02-14T22:58:40.906658" level="INFO">xpath criteria: //android.widget.EditText[@resource-id="com.example.myapplication:id/username"]
xpath criteria: //android.widget.EditText[@resource-id="com.example.myapplication:id/username"]</msg>
<arg>${username_login}</arg>
<doc>Waits until element specified with `locator` is visible.</doc>
<status status="PASS" start="2024-02-14T22:58:39.632276" elapsed="1.274382"/>
</kw>
<kw name="Wait Until Element Is Visible" owner="AppiumLibrary">
<msg time="2024-02-14T22:58:40.937231" level="INFO">xpath criteria: //android.widget.EditText[@resource-id="com.example.myapplication:id/password"]</msg>
<arg>${password_login}</arg>
<doc>Waits until element specified with `locator` is visible.</doc>
<status status="PASS" start="2024-02-14T22:58:40.906658" elapsed="0.030573"/>
</kw>
<status status="PASS" start="2024-02-14T22:58:39.632276" elapsed="1.304955"/>
</kw>
<kw name="Input Password" owner="sign-in">
<kw name="Input Text" owner="AppiumLibrary">
<msg time="2024-02-14T22:58:40.938736" level="INFO">Typing text 'abc123' into text field '//android.widget.EditText[@resource-id="com.example.myapplication:id/password"]'</msg>
<msg time="2024-02-14T22:58:40.972796" level="INFO">xpath criteria: //android.widget.EditText[@resource-id="com.example.myapplication:id/password"]</msg>
<arg>${password_login}</arg>
<arg>abc123</arg>
<doc>Types the given `text` into text field identified by `locator`.</doc>
<status status="PASS" start="2024-02-14T22:58:40.937231" elapsed="0.035565"/>
</kw>
<status status="PASS" start="2024-02-14T22:58:40.937231" elapsed="0.035565"/>
</kw>
<kw name="Click Login" owner="sign-in">
<kw name="Click Element" owner="AppiumLibrary">
<msg time="2024-02-14T22:58:40.973806" level="INFO">Clicking element '//android.widget.Button[@resource-id="com.example.myapplication:id/signIn"]'.</msg>
<msg time="2024-02-14T22:58:41.499526" level="INFO">xpath criteria: //android.widget.Button[@resource-id="com.example.myapplication:id/signIn"]</msg>
<arg>${loginButton}</arg>
<doc>Click element identified by `locator`.</doc>
<status status="PASS" start="2024-02-14T22:58:40.973806" elapsed="0.525720"/>
</kw>
<status status="PASS" start="2024-02-14T22:58:40.973806" elapsed="0.525720"/>
</kw>
<kw name="Login Failed" owner="sign-in">
<kw name="Wait Until Page Contains" owner="AppiumLibrary">
<arg>Invalid username/password</arg>
<doc>Waits until `text` appears on current page.</doc>
<status status="PASS" start="2024-02-14T22:58:41.499526" elapsed="0.061942"/>
</kw>
<status status="PASS" start="2024-02-14T22:58:41.499526" elapsed="0.061942"/>
</kw>
<status status="PASS" start="2024-02-14T22:58:31.750541" elapsed="9.810927"/>
</test>
<status status="PASS" start="2024-02-14T22:58:03.596028" elapsed="37.966438"/>
</suite>
<statistics>
<total>
<stat pass="4" fail="0" skip="0">All Tests</stat>
</total>
<tag>
</tag>
<suite>
<stat pass="4" fail="0" skip="0" id="s1" name="signIn">signIn</stat>
</suite>
</statistics>
<errors>
</errors>
</robot>
